<?xml version="1.0" encoding="UTF-8"?>
<testng-results ignored="0" total="1" passed="1" failed="0" skipped="0">
  <reporter-output>
  </reporter-output>
  <suite started-at="2025-01-14T12:26:44 IST" name="Default suite" finished-at="2025-01-14T12:26:49 IST" duration-ms="4884">
    <groups>
    </groups>
    <test started-at="2025-01-14T12:26:44 IST" name="Default test" finished-at="2025-01-14T12:26:49 IST" duration-ms="4884">
      <class name="testNGDataProvider.DataproviderDemo">
        <test-method is-config="true" signature="setup()[pri:0, instance:testNGDataProvider.DataproviderDemo@221a3fa4]" started-at="2025-01-14T12:26:45 IST" name="setup" finished-at="2025-01-14T12:26:49 IST" duration-ms="4279" status="PASS">
          <reporter-output>
          </reporter-output>
        </test-method> <!-- setup -->
        <test-method signature="login(java.lang.String,java.lang.String)[pri:0, instance:testNGDataProvider.DataproviderDemo@221a3fa4]" started-at="2025-01-14T12:26:49 IST" name="login" data-provider="data" finished-at="2025-01-14T12:26:49 IST" duration-ms="355" status="PASS">
          <params>
            <param index="0">
              <value>
                <![CDATA[problem_user]]>
              </value>
            </param>
            <param index="1">
              <value>
                <![CDATA[secret_sauce]]>
              </value>
            </param>
          </params>
          <reporter-output>
          </reporter-output>
        </test-method> <!-- login -->
        <test-method is-config="true" signature="teardown()[pri:0, instance:testNGDataProvider.DataproviderDemo@221a3fa4]" started-at="2025-01-14T12:26:49 IST" name="teardown" finished-at="2025-01-14T12:26:49 IST" duration-ms="209" status="PASS">
          <reporter-output>
          </reporter-output>
        </test-method> <!-- teardown -->
      </class> <!-- testNGDataProvider.DataproviderDemo -->
    </test> <!-- Default test -->
  </suite> <!-- Default suite -->
</testng-results>
